[debug] [2022-09-22T00:11:52.039Z] ----------------------------------------------------------------------
[debug] [2022-09-22T00:11:52.041Z] Command:       C:\Program Files\nodejs\node.exe C:\Users\impat\AppData\Roaming\npm\node_modules\firebase-tools\lib\bin\firebase.js deploy
[debug] [2022-09-22T00:11:52.041Z] CLI Version:   11.9.0
[debug] [2022-09-22T00:11:52.042Z] Platform:      win32
[debug] [2022-09-22T00:11:52.042Z] Node Version:  v16.15.0
[debug] [2022-09-22T00:11:52.045Z] Time:          Thu Sep 22 2022 09:11:52 GMT+0900 (대한민국 표준시)
[debug] [2022-09-22T00:11:52.045Z] ----------------------------------------------------------------------
[debug] 
[debug] [2022-09-22T00:11:52.129Z] > command requires scopes: ["email","openid","https://www.googleapis.com/auth/cloudplatformprojects.readonly","https://www.googleapis.com/auth/firebase","https://www.googleapis.com/auth/cloud-platform"]
[debug] [2022-09-22T00:11:52.130Z] > authorizing via signed-in user (impatrick19971997@gmail.com)
[debug] [2022-09-22T00:11:52.131Z] [iam] checking project web3monwebsitedv2 for permissions ["firebase.projects.get","firebasehosting.sites.update"]
[debug] [2022-09-22T00:11:52.133Z] > refreshing access token with scopes: []
[debug] [2022-09-22T00:11:52.135Z] >>> [apiv2][query] POST https://www.googleapis.com/oauth2/v3/token [none]
[debug] [2022-09-22T00:11:52.135Z] >>> [apiv2][body] POST https://www.googleapis.com/oauth2/v3/token [omitted]
[debug] [2022-09-22T00:11:52.842Z] <<< [apiv2][status] POST https://www.googleapis.com/oauth2/v3/token 200
[debug] [2022-09-22T00:11:52.842Z] <<< [apiv2][body] POST https://www.googleapis.com/oauth2/v3/token [omitted]
[debug] [2022-09-22T00:11:52.854Z] >>> [apiv2][query] POST https://cloudresourcemanager.googleapis.com/v1/projects/web3monwebsitedv2:testIamPermissions [none]
[debug] [2022-09-22T00:11:52.854Z] >>> [apiv2][(partial)header] POST https://cloudresourcemanager.googleapis.com/v1/projects/web3monwebsitedv2:testIamPermissions x-goog-quota-user=projects/web3monwebsitedv2
[debug] [2022-09-22T00:11:52.855Z] >>> [apiv2][body] POST https://cloudresourcemanager.googleapis.com/v1/projects/web3monwebsitedv2:testIamPermissions {"permissions":["firebase.projects.get","firebasehosting.sites.update"]}
[debug] [2022-09-22T00:11:53.933Z] <<< [apiv2][status] POST https://cloudresourcemanager.googleapis.com/v1/projects/web3monwebsitedv2:testIamPermissions 200
[debug] [2022-09-22T00:11:53.933Z] <<< [apiv2][body] POST https://cloudresourcemanager.googleapis.com/v1/projects/web3monwebsitedv2:testIamPermissions {}
[debug] [2022-09-22T00:11:53.933Z] [iam] error while checking permissions, command may fail: FirebaseError: Authorization failed. This account is missing the following required permissions on project web3monwebsitedv2:

  firebase.projects.get
  firebasehosting.sites.update
[debug] [2022-09-22T00:11:53.934Z] >>> [apiv2][query] GET https://firebase.googleapis.com/v1beta1/projects/web3monwebsitedv2 [none]
[debug] [2022-09-22T00:11:54.613Z] <<< [apiv2][status] GET https://firebase.googleapis.com/v1beta1/projects/web3monwebsitedv2 403
[debug] [2022-09-22T00:11:54.613Z] <<< [apiv2][body] GET https://firebase.googleapis.com/v1beta1/projects/web3monwebsitedv2 {"error":{"code":403,"message":"The caller does not have permission","status":"PERMISSION_DENIED"}}
[debug] [2022-09-22T00:11:54.615Z] HTTP Error: 403, The caller does not have permission
[debug] [2022-09-22T00:11:55.035Z] FirebaseError: HTTP Error: 403, The caller does not have permission
    at responseToError (C:\Users\impat\AppData\Roaming\npm\node_modules\firebase-tools\lib\responseToError.js:49:12)
    at RetryOperation._fn (C:\Users\impat\AppData\Roaming\npm\node_modules\firebase-tools\lib\apiv2.js:288:77)
    at processTicksAndRejections (node:internal/process/task_queues:96:5)
[error] 
[error] Error: Failed to get Firebase project web3monwebsitedv2. Please make sure the project exists and your account has permission to access it.
